In file included from ../map_tests/upper_bound().cpp:2:
In file included from ../map_tests/__service.ipp:3:
In file included from ../map_tests/../../../map.hpp:5:
../map_tests/../../../_tree.hpp:479:10: error: no matching member function for call to 'construct'
      _a.construct(&__p->_M_value_field);
      ~~~^~~~~~~~~
../map_tests/../../../_tree.hpp:970:5: note: in instantiation of member function 'ft::_Rb_tree<int, ft::pair<int, int>, ft::_Select1st<ft::pair<int, int> >, std::__1::less<int>, std::__1::allocator<ft::pair<const int, int> > >::destroy_node' requested here
    destroy_node(__x);
    ^
../map_tests/../../../_tree.hpp:624:7: note: in instantiation of member function 'ft::_Rb_tree<int, ft::pair<int, int>, ft::_Select1st<ft::pair<int, int> >, std::__1::less<int>, std::__1::allocator<ft::pair<const int, int> > >::_M_erase' requested here
      _M_erase(_M_root());
      ^
../map_tests/../../../_tree.hpp:567:17: note: in instantiation of member function 'ft::_Rb_tree<int, ft::pair<int, int>, ft::_Select1st<ft::pair<int, int> >, std::__1::less<int>, std::__1::allocator<ft::pair<const int, int> > >::clear' requested here
  ~_Rb_tree() { clear(); }
                ^
../map_tests/../../../map.hpp:12:7: note: in instantiation of member function 'ft::_Rb_tree<int, ft::pair<int, int>, ft::_Select1st<ft::pair<int, int> >, std::__1::less<int>, std::__1::allocator<ft::pair<const int, int> > >::~_Rb_tree' requested here
class map
      ^
/Applications/Xcode.app/Contents/Developer/Toolchains/XcodeDefault.xctoolchain/usr/bin/../include/c++/v1/memory:1886:9: note: candidate function not viable: no known conversion from 'ft::pair<int, int> *' to 'std::__1::allocator<ft::pair<const int, int> >::pointer' (aka 'ft::pair<const int, int> *') for 1st argument
        construct(pointer __p)
        ^
/Applications/Xcode.app/Contents/Developer/Toolchains/XcodeDefault.xctoolchain/usr/bin/../include/c++/v1/memory:1895:9: note: candidate function template not viable: requires 2 arguments, but 1 was provided
        construct(pointer __p, _A0& __a0)
        ^
/Applications/Xcode.app/Contents/Developer/Toolchains/XcodeDefault.xctoolchain/usr/bin/../include/c++/v1/memory:1902:9: note: candidate function template not viable: requires 2 arguments, but 1 was provided
        construct(pointer __p, const _A0& __a0)
        ^
/Applications/Xcode.app/Contents/Developer/Toolchains/XcodeDefault.xctoolchain/usr/bin/../include/c++/v1/memory:1910:9: note: candidate function template not viable: requires 3 arguments, but 1 was provided
        construct(pointer __p, _A0& __a0, _A1& __a1)
        ^
/Applications/Xcode.app/Contents/Developer/Toolchains/XcodeDefault.xctoolchain/usr/bin/../include/c++/v1/memory:1917:9: note: candidate function template not viable: requires 3 arguments, but 1 was provided
        construct(pointer __p, const _A0& __a0, _A1& __a1)
        ^
/Applications/Xcode.app/Contents/Developer/Toolchains/XcodeDefault.xctoolchain/usr/bin/../include/c++/v1/memory:1924:9: note: candidate function template not viable: requires 3 arguments, but 1 was provided
        construct(pointer __p, _A0& __a0, const _A1& __a1)
        ^
/Applications/Xcode.app/Contents/Developer/Toolchains/XcodeDefault.xctoolchain/usr/bin/../include/c++/v1/memory:1931:9: note: candidate function template not viable: requires 3 arguments, but 1 was provided
        construct(pointer __p, const _A0& __a0, const _A1& __a1)
        ^
In file included from ../map_tests/upper_bound().cpp:2:
In file included from ../map_tests/__service.ipp:3:
In file included from ../map_tests/../../../map.hpp:5:
../map_tests/../../../_tree.hpp:479:10: error: no matching member function for call to 'construct'
      _a.construct(&__p->_M_value_field);
      ~~~^~~~~~~~~
../map_tests/../../../_tree.hpp:970:5: note: in instantiation of member function 'ft::_Rb_tree<std::__1::basic_string<char>, ft::pair<std::__1::basic_string<char>, std::__1::basic_string<char> >, ft::_Select1st<ft::pair<std::__1::basic_string<char>, std::__1::basic_string<char> > >, std::__1::less<std::__1::basic_string<char> >, std::__1::allocator<ft::pair<const std::__1::basic_string<char>, std::__1::basic_string<char> > > >::destroy_node' requested here
    destroy_node(__x);
    ^
../map_tests/../../../_tree.hpp:624:7: note: in instantiation of member function 'ft::_Rb_tree<std::__1::basic_string<char>, ft::pair<std::__1::basic_string<char>, std::__1::basic_string<char> >, ft::_Select1st<ft::pair<std::__1::basic_string<char>, std::__1::basic_string<char> > >, std::__1::less<std::__1::basic_string<char> >, std::__1::allocator<ft::pair<const std::__1::basic_string<char>, std::__1::basic_string<char> > > >::_M_erase' requested here
      _M_erase(_M_root());
      ^
../map_tests/../../../_tree.hpp:567:17: note: in instantiation of member function 'ft::_Rb_tree<std::__1::basic_string<char>, ft::pair<std::__1::basic_string<char>, std::__1::basic_string<char> >, ft::_Select1st<ft::pair<std::__1::basic_string<char>, std::__1::basic_string<char> > >, std::__1::less<std::__1::basic_string<char> >, std::__1::allocator<ft::pair<const std::__1::basic_string<char>, std::__1::basic_string<char> > > >::clear' requested here
  ~_Rb_tree() { clear(); }
                ^
../map_tests/../../../map.hpp:12:7: note: in instantiation of member function 'ft::_Rb_tree<std::__1::basic_string<char>, ft::pair<std::__1::basic_string<char>, std::__1::basic_string<char> >, ft::_Select1st<ft::pair<std::__1::basic_string<char>, std::__1::basic_string<char> > >, std::__1::less<std::__1::basic_string<char> >, std::__1::allocator<ft::pair<const std::__1::basic_string<char>, std::__1::basic_string<char> > > >::~_Rb_tree' requested here
class map
      ^
/Applications/Xcode.app/Contents/Developer/Toolchains/XcodeDefault.xctoolchain/usr/bin/../include/c++/v1/memory:1886:9: note: candidate function not viable: no known conversion from 'ft::pair<std::__1::basic_string<char>, std::__1::basic_string<char> > *' to 'std::__1::allocator<ft::pair<const std::__1::basic_string<char>, std::__1::basic_string<char> > >::pointer' (aka 'ft::pair<const std::__1::basic_string<char>, std::__1::basic_string<char> > *') for 1st argument
        construct(pointer __p)
        ^
/Applications/Xcode.app/Contents/Developer/Toolchains/XcodeDefault.xctoolchain/usr/bin/../include/c++/v1/memory:1895:9: note: candidate function template not viable: requires 2 arguments, but 1 was provided
        construct(pointer __p, _A0& __a0)
        ^
/Applications/Xcode.app/Contents/Developer/Toolchains/XcodeDefault.xctoolchain/usr/bin/../include/c++/v1/memory:1902:9: note: candidate function template not viable: requires 2 arguments, but 1 was provided
        construct(pointer __p, const _A0& __a0)
        ^
/Applications/Xcode.app/Contents/Developer/Toolchains/XcodeDefault.xctoolchain/usr/bin/../include/c++/v1/memory:1910:9: note: candidate function template not viable: requires 3 arguments, but 1 was provided
        construct(pointer __p, _A0& __a0, _A1& __a1)
        ^
/Applications/Xcode.app/Contents/Developer/Toolchains/XcodeDefault.xctoolchain/usr/bin/../include/c++/v1/memory:1917:9: note: candidate function template not viable: requires 3 arguments, but 1 was provided
        construct(pointer __p, const _A0& __a0, _A1& __a1)
        ^
/Applications/Xcode.app/Contents/Developer/Toolchains/XcodeDefault.xctoolchain/usr/bin/../include/c++/v1/memory:1924:9: note: candidate function template not viable: requires 3 arguments, but 1 was provided
        construct(pointer __p, _A0& __a0, const _A1& __a1)
        ^
/Applications/Xcode.app/Contents/Developer/Toolchains/XcodeDefault.xctoolchain/usr/bin/../include/c++/v1/memory:1931:9: note: candidate function template not viable: requires 3 arguments, but 1 was provided
        construct(pointer __p, const _A0& __a0, const _A1& __a1)
        ^
In file included from ../map_tests/upper_bound().cpp:2:
In file included from ../map_tests/__service.ipp:3:
In file included from ../map_tests/../../../map.hpp:5:
../map_tests/../../../_tree.hpp:458:10: error: no matching member function for call to 'construct'
      _a.construct(&__tmp->_M_value_field, __x);
      ~~~^~~~~~~~~
../map_tests/../../../_tree.hpp:750:11: note: in instantiation of member function 'ft::_Rb_tree<int, ft::pair<int, int>, ft::_Select1st<ft::pair<int, int> >, std::__1::less<int>, std::__1::allocator<ft::pair<const int, int> > >::_M_create_node' requested here
    __z = _M_create_node(__v);
          ^
../map_tests/../../../_tree.hpp:810:34: note: in instantiation of member function 'ft::_Rb_tree<int, ft::pair<int, int>, ft::_Select1st<ft::pair<int, int> >, std::__1::less<int>, std::__1::allocator<ft::pair<const int, int> > >::_M_insert' requested here
      return pair<iterator,bool>(_M_insert(__x, __y, __v), true);
                                 ^
../map_tests/../../../map.hpp:106:19: note: in instantiation of member function 'ft::_Rb_tree<int, ft::pair<int, int>, ft::_Select1st<ft::pair<int, int> >, std::__1::less<int>, std::__1::allocator<ft::pair<const int, int> > >::insert_unique' requested here
    { return _M_t.insert_unique(__x); }
                  ^
../map_tests/__service.ipp:39:40: note: in instantiation of member function 'ft::map<int, int, std::__1::less<int>, std::__1::allocator<ft::pair<const int, int> > >::insert' requested here
                m1.insert(std::make_pair(2, 3)); mp1.insert(ft::make_pair(2, 3));
                                                     ^
/Applications/Xcode.app/Contents/Developer/Toolchains/XcodeDefault.xctoolchain/usr/bin/../include/c++/v1/memory:1895:9: note: candidate function template not viable: no known conversion from 'ft::pair<int, int> *' to 'std::__1::allocator<ft::pair<const int, int> >::pointer' (aka 'ft::pair<const int, int> *') for 1st argument
        construct(pointer __p, _A0& __a0)
        ^
/Applications/Xcode.app/Contents/Developer/Toolchains/XcodeDefault.xctoolchain/usr/bin/../include/c++/v1/memory:1902:9: note: candidate function template not viable: no known conversion from 'ft::pair<int, int> *' to 'std::__1::allocator<ft::pair<const int, int> >::pointer' (aka 'ft::pair<const int, int> *') for 1st argument
        construct(pointer __p, const _A0& __a0)
        ^
/Applications/Xcode.app/Contents/Developer/Toolchains/XcodeDefault.xctoolchain/usr/bin/../include/c++/v1/memory:1910:9: note: candidate function template not viable: requires 3 arguments, but 2 were provided
        construct(pointer __p, _A0& __a0, _A1& __a1)
        ^
/Applications/Xcode.app/Contents/Developer/Toolchains/XcodeDefault.xctoolchain/usr/bin/../include/c++/v1/memory:1917:9: note: candidate function template not viable: requires 3 arguments, but 2 were provided
        construct(pointer __p, const _A0& __a0, _A1& __a1)
        ^
/Applications/Xcode.app/Contents/Developer/Toolchains/XcodeDefault.xctoolchain/usr/bin/../include/c++/v1/memory:1924:9: note: candidate function template not viable: requires 3 arguments, but 2 were provided
        construct(pointer __p, _A0& __a0, const _A1& __a1)
        ^
/Applications/Xcode.app/Contents/Developer/Toolchains/XcodeDefault.xctoolchain/usr/bin/../include/c++/v1/memory:1931:9: note: candidate function template not viable: requires 3 arguments, but 2 were provided
        construct(pointer __p, const _A0& __a0, const _A1& __a1)
        ^
/Applications/Xcode.app/Contents/Developer/Toolchains/XcodeDefault.xctoolchain/usr/bin/../include/c++/v1/memory:1886:9: note: candidate function not viable: requires single argument '__p', but 2 arguments were provided
        construct(pointer __p)
        ^
In file included from ../map_tests/upper_bound().cpp:2:
In file included from ../map_tests/__service.ipp:3:
In file included from ../map_tests/../../../map.hpp:5:
../map_tests/../../../_tree.hpp:458:10: error: no matching member function for call to 'construct'
      _a.construct(&__tmp->_M_value_field, __x);
      ~~~^~~~~~~~~
../map_tests/../../../_tree.hpp:750:11: note: in instantiation of member function 'ft::_Rb_tree<std::__1::basic_string<char>, ft::pair<std::__1::basic_string<char>, std::__1::basic_string<char> >, ft::_Select1st<ft::pair<std::__1::basic_string<char>, std::__1::basic_string<char> > >, std::__1::less<std::__1::basic_string<char> >, std::__1::allocator<ft::pair<const std::__1::basic_string<char>, std::__1::basic_string<char> > > >::_M_create_node' requested here
    __z = _M_create_node(__v);
          ^
../map_tests/../../../_tree.hpp:810:34: note: in instantiation of member function 'ft::_Rb_tree<std::__1::basic_string<char>, ft::pair<std::__1::basic_string<char>, std::__1::basic_string<char> >, ft::_Select1st<ft::pair<std::__1::basic_string<char>, std::__1::basic_string<char> > >, std::__1::less<std::__1::basic_string<char> >, std::__1::allocator<ft::pair<const std::__1::basic_string<char>, std::__1::basic_string<char> > > >::_M_insert' requested here
      return pair<iterator,bool>(_M_insert(__x, __y, __v), true);
                                 ^
../map_tests/../../../map.hpp:106:19: note: in instantiation of member function 'ft::_Rb_tree<std::__1::basic_string<char>, ft::pair<std::__1::basic_string<char>, std::__1::basic_string<char> >, ft::_Select1st<ft::pair<std::__1::basic_string<char>, std::__1::basic_string<char> > >, std::__1::less<std::__1::basic_string<char> >, std::__1::allocator<ft::pair<const std::__1::basic_string<char>, std::__1::basic_string<char> > > >::insert_unique' requested here
    { return _M_t.insert_unique(__x); }
                  ^
../map_tests/__service.ipp:44:48: note: in instantiation of member function 'ft::map<std::__1::basic_string<char>, std::__1::basic_string<char>, std::__1::less<std::__1::basic_string<char> >, std::__1::allocator<ft::pair<const std::__1::basic_string<char>, std::__1::basic_string<char> > > >::insert' requested here
                m5.insert(std::make_pair("123", "123")); mp5.insert(ft::make_pair("123", "123"));
                                                             ^
/Applications/Xcode.app/Contents/Developer/Toolchains/XcodeDefault.xctoolchain/usr/bin/../include/c++/v1/memory:1895:9: note: candidate function template not viable: no known conversion from 'ft::pair<std::__1::basic_string<char>, std::__1::basic_string<char> > *' to 'std::__1::allocator<ft::pair<const std::__1::basic_string<char>, std::__1::basic_string<char> > >::pointer' (aka 'ft::pair<const std::__1::basic_string<char>, std::__1::basic_string<char> > *') for 1st argument
        construct(pointer __p, _A0& __a0)
        ^
/Applications/Xcode.app/Contents/Developer/Toolchains/XcodeDefault.xctoolchain/usr/bin/../include/c++/v1/memory:1902:9: note: candidate function template not viable: no known conversion from 'ft::pair<std::__1::basic_string<char>, std::__1::basic_string<char> > *' to 'std::__1::allocator<ft::pair<const std::__1::basic_string<char>, std::__1::basic_string<char> > >::pointer' (aka 'ft::pair<const std::__1::basic_string<char>, std::__1::basic_string<char> > *') for 1st argument
        construct(pointer __p, const _A0& __a0)
        ^
/Applications/Xcode.app/Contents/Developer/Toolchains/XcodeDefault.xctoolchain/usr/bin/../include/c++/v1/memory:1910:9: note: candidate function template not viable: requires 3 arguments, but 2 were provided
        construct(pointer __p, _A0& __a0, _A1& __a1)
        ^
/Applications/Xcode.app/Contents/Developer/Toolchains/XcodeDefault.xctoolchain/usr/bin/../include/c++/v1/memory:1917:9: note: candidate function template not viable: requires 3 arguments, but 2 were provided
        construct(pointer __p, const _A0& __a0, _A1& __a1)
        ^
/Applications/Xcode.app/Contents/Developer/Toolchains/XcodeDefault.xctoolchain/usr/bin/../include/c++/v1/memory:1924:9: note: candidate function template not viable: requires 3 arguments, but 2 were provided
        construct(pointer __p, _A0& __a0, const _A1& __a1)
        ^
/Applications/Xcode.app/Contents/Developer/Toolchains/XcodeDefault.xctoolchain/usr/bin/../include/c++/v1/memory:1931:9: note: candidate function template not viable: requires 3 arguments, but 2 were provided
        construct(pointer __p, const _A0& __a0, const _A1& __a1)
        ^
/Applications/Xcode.app/Contents/Developer/Toolchains/XcodeDefault.xctoolchain/usr/bin/../include/c++/v1/memory:1886:9: note: candidate function not viable: requires single argument '__p', but 2 arguments were provided
        construct(pointer __p)
        ^
In file included from ../map_tests/upper_bound().cpp:2:
In file included from ../map_tests/__service.ipp:3:
In file included from ../map_tests/../../../map.hpp:5:
../map_tests/../../../_tree.hpp:479:10: error: no matching member function for call to 'construct'
      _a.construct(&__p->_M_value_field);
      ~~~^~~~~~~~~
../map_tests/../../../_tree.hpp:970:5: note: in instantiation of member function 'ft::_Rb_tree<int, ft::pair<int, int>, ft::_Select1st<ft::pair<int, int> >, std::__1::greater<int>, std::__1::allocator<ft::pair<const int, int> > >::destroy_node' requested here
    destroy_node(__x);
    ^
../map_tests/../../../_tree.hpp:624:7: note: in instantiation of member function 'ft::_Rb_tree<int, ft::pair<int, int>, ft::_Select1st<ft::pair<int, int> >, std::__1::greater<int>, std::__1::allocator<ft::pair<const int, int> > >::_M_erase' requested here
      _M_erase(_M_root());
      ^
../map_tests/../../../_tree.hpp:567:17: note: in instantiation of member function 'ft::_Rb_tree<int, ft::pair<int, int>, ft::_Select1st<ft::pair<int, int> >, std::__1::greater<int>, std::__1::allocator<ft::pair<const int, int> > >::clear' requested here
  ~_Rb_tree() { clear(); }
                ^
../map_tests/../../../map.hpp:12:7: note: in instantiation of member function 'ft::_Rb_tree<int, ft::pair<int, int>, ft::_Select1st<ft::pair<int, int> >, std::__1::greater<int>, std::__1::allocator<ft::pair<const int, int> > >::~_Rb_tree' requested here
class map
      ^
../map_tests/upper_bound().cpp:92:73: note: in instantiation of function template specialization 'upper_bound_test<int, int>' requested here
    exit(run_map_unit_test<int, int>("upper_bound()", upper_bound_test, upper_bound_test));
                                                                        ^
/Applications/Xcode.app/Contents/Developer/Toolchains/XcodeDefault.xctoolchain/usr/bin/../include/c++/v1/memory:1886:9: note: candidate function not viable: no known conversion from 'ft::pair<int, int> *' to 'std::__1::allocator<ft::pair<const int, int> >::pointer' (aka 'ft::pair<const int, int> *') for 1st argument
        construct(pointer __p)
        ^
/Applications/Xcode.app/Contents/Developer/Toolchains/XcodeDefault.xctoolchain/usr/bin/../include/c++/v1/memory:1895:9: note: candidate function template not viable: requires 2 arguments, but 1 was provided
        construct(pointer __p, _A0& __a0)
        ^
/Applications/Xcode.app/Contents/Developer/Toolchains/XcodeDefault.xctoolchain/usr/bin/../include/c++/v1/memory:1902:9: note: candidate function template not viable: requires 2 arguments, but 1 was provided
        construct(pointer __p, const _A0& __a0)
        ^
/Applications/Xcode.app/Contents/Developer/Toolchains/XcodeDefault.xctoolchain/usr/bin/../include/c++/v1/memory:1910:9: note: candidate function template not viable: requires 3 arguments, but 1 was provided
        construct(pointer __p, _A0& __a0, _A1& __a1)
        ^
/Applications/Xcode.app/Contents/Developer/Toolchains/XcodeDefault.xctoolchain/usr/bin/../include/c++/v1/memory:1917:9: note: candidate function template not viable: requires 3 arguments, but 1 was provided
        construct(pointer __p, const _A0& __a0, _A1& __a1)
        ^
/Applications/Xcode.app/Contents/Developer/Toolchains/XcodeDefault.xctoolchain/usr/bin/../include/c++/v1/memory:1924:9: note: candidate function template not viable: requires 3 arguments, but 1 was provided
        construct(pointer __p, _A0& __a0, const _A1& __a1)
        ^
/Applications/Xcode.app/Contents/Developer/Toolchains/XcodeDefault.xctoolchain/usr/bin/../include/c++/v1/memory:1931:9: note: candidate function template not viable: requires 3 arguments, but 1 was provided
        construct(pointer __p, const _A0& __a0, const _A1& __a1)
        ^
In file included from ../map_tests/upper_bound().cpp:2:
In file included from ../map_tests/__service.ipp:3:
In file included from ../map_tests/../../../map.hpp:5:
../map_tests/../../../_tree.hpp:458:10: error: no matching member function for call to 'construct'
      _a.construct(&__tmp->_M_value_field, __x);
      ~~~^~~~~~~~~
../map_tests/../../../_tree.hpp:750:11: note: in instantiation of member function 'ft::_Rb_tree<int, ft::pair<int, int>, ft::_Select1st<ft::pair<int, int> >, std::__1::greater<int>, std::__1::allocator<ft::pair<const int, int> > >::_M_create_node' requested here
    __z = _M_create_node(__v);
          ^
../map_tests/../../../_tree.hpp:810:34: note: in instantiation of member function 'ft::_Rb_tree<int, ft::pair<int, int>, ft::_Select1st<ft::pair<int, int> >, std::__1::greater<int>, std::__1::allocator<ft::pair<const int, int> > >::_M_insert' requested here
      return pair<iterator,bool>(_M_insert(__x, __y, __v), true);
                                 ^
../map_tests/../../../map.hpp:106:19: note: in instantiation of member function 'ft::_Rb_tree<int, ft::pair<int, int>, ft::_Select1st<ft::pair<int, int> >, std::__1::greater<int>, std::__1::allocator<ft::pair<const int, int> > >::insert_unique' requested here
    { return _M_t.insert_unique(__x); }
                  ^
../map_tests/upper_bound().cpp:52:9: note: in instantiation of member function 'ft::map<int, int, std::__1::greater<int>, std::__1::allocator<ft::pair<const int, int> > >::insert' requested here
    mp2.insert(_make_pair(10, 10));
        ^
../map_tests/upper_bound().cpp:92:73: note: in instantiation of function template specialization 'upper_bound_test<int, int>' requested here
    exit(run_map_unit_test<int, int>("upper_bound()", upper_bound_test, upper_bound_test));
                                                                        ^
/Applications/Xcode.app/Contents/Developer/Toolchains/XcodeDefault.xctoolchain/usr/bin/../include/c++/v1/memory:1895:9: note: candidate function template not viable: no known conversion from 'ft::pair<int, int> *' to 'std::__1::allocator<ft::pair<const int, int> >::pointer' (aka 'ft::pair<const int, int> *') for 1st argument
        construct(pointer __p, _A0& __a0)
        ^
/Applications/Xcode.app/Contents/Developer/Toolchains/XcodeDefault.xctoolchain/usr/bin/../include/c++/v1/memory:1902:9: note: candidate function template not viable: no known conversion from 'ft::pair<int, int> *' to 'std::__1::allocator<ft::pair<const int, int> >::pointer' (aka 'ft::pair<const int, int> *') for 1st argument
        construct(pointer __p, const _A0& __a0)
        ^
/Applications/Xcode.app/Contents/Developer/Toolchains/XcodeDefault.xctoolchain/usr/bin/../include/c++/v1/memory:1910:9: note: candidate function template not viable: requires 3 arguments, but 2 were provided
        construct(pointer __p, _A0& __a0, _A1& __a1)
        ^
/Applications/Xcode.app/Contents/Developer/Toolchains/XcodeDefault.xctoolchain/usr/bin/../include/c++/v1/memory:1917:9: note: candidate function template not viable: requires 3 arguments, but 2 were provided
        construct(pointer __p, const _A0& __a0, _A1& __a1)
        ^
/Applications/Xcode.app/Contents/Developer/Toolchains/XcodeDefault.xctoolchain/usr/bin/../include/c++/v1/memory:1924:9: note: candidate function template not viable: requires 3 arguments, but 2 were provided
        construct(pointer __p, _A0& __a0, const _A1& __a1)
        ^
/Applications/Xcode.app/Contents/Developer/Toolchains/XcodeDefault.xctoolchain/usr/bin/../include/c++/v1/memory:1931:9: note: candidate function template not viable: requires 3 arguments, but 2 were provided
        construct(pointer __p, const _A0& __a0, const _A1& __a1)
        ^
/Applications/Xcode.app/Contents/Developer/Toolchains/XcodeDefault.xctoolchain/usr/bin/../include/c++/v1/memory:1886:9: note: candidate function not viable: requires single argument '__p', but 2 arguments were provided
        construct(pointer __p)
        ^
6 errors generated.
_tests/compare class.cpp:2:
In file included from ../map_tests/__service.ipp:3:
In file included from ../map_tests/../../../map.hpp:5:
../map_tests/../../../_tree.hpp:479:10: error: no matching member function for call to 'construct'
      _a.construct(&__p->_M_value_field);
      ~~~^~~~~~~~~
../map_tests/../../../_tree.hpp:970:5: note: in instantiation of member function 'ft::_Rb_tree<int, ft::pair<int, int>, ft::_Select1st<ft::pair<int, int> >, std::__1::plus<int>, std::__1::allocator<ft::pair<const int, int> > >::destroy_node' requested here
    destroy_node(__x);
    ^
../map_tests/../../../_tree.hpp:624:7: note: in instantiation of member function 'ft::_Rb_tree<int, ft::pair<int, int>, ft::_Select1st<ft::pair<int, int> >, std::__1::plus<int>, std::__1::allocator<ft::pair<const int, int> > >::_M_erase' requested here
      _M_erase(_M_root());
      ^
../map_tests/../../../_tree.hpp:567:17: note: in instantiation of member function 'ft::_Rb_tree<int, ft::pair<int, int>, ft::_Select1st<ft::pair<int, int> >, std::__1::plus<int>, std::__1::allocator<ft::pair<const int, int> > >::clear' requested here
  ~_Rb_tree() { clear(); }
                ^
../map_tests/../../../map.hpp:12:7: note: in instantiation of member function 'ft::_Rb_tree<int, ft::pair<int, int>, ft::_Select1st<ft::pair<int, int> >, std::__1::plus<int>, std::__1::allocator<ft::pair<const int, int> > >::~_Rb_tree' requested here
class map
      ^
../map_tests/compare class.cpp:106:72: note: in instantiation of function template specialization 'comparator_test<int, int>' requested here
    exit(run_map_unit_test<int, int>("compare class", comparator_test, comparator_test));
                                                                       ^
/Applications/Xcode.app/Contents/Developer/Toolchains/XcodeDefault.xctoolchain/usr/bin/../include/c++/v1/memory:1886:9: note: candidate function not viable: no known conversion from 'ft::pair<int, int> *' to 'std::__1::allocator<ft::pair<const int, int> >::pointer' (aka 'ft::pair<const int, int> *') for 1st argument
        construct(pointer __p)
        ^
/Applications/Xcode.app/Contents/Developer/Toolchains/XcodeDefault.xctoolchain/usr/bin/../include/c++/v1/memory:1895:9: note: candidate function template not viable: requires 2 arguments, but 1 was provided
        construct(pointer __p, _A0& __a0)
        ^
/Applications/Xcode.app/Contents/Developer/Toolchains/XcodeDefault.xctoolchain/usr/bin/../include/c++/v1/memory:1902:9: note: candidate function template not viable: requires 2 arguments, but 1 was provided
        construct(pointer __p, const _A0& __a0)
        ^
/Applications/Xcode.app/Contents/Developer/Toolchains/XcodeDefault.xctoolchain/usr/bin/../include/c++/v1/memory:1910:9: note: candidate function template not viable: requires 3 arguments, but 1 was provided
        construct(pointer __p, _A0& __a0, _A1& __a1)
        ^
/Applications/Xcode.app/Contents/Developer/Toolchains/XcodeDefault.xctoolchain/usr/bin/../include/c++/v1/memory:1917:9: note: candidate function template not viable: requires 3 arguments, but 1 was provided
        construct(pointer __p, const _A0& __a0, _A1& __a1)
        ^
/Applications/Xcode.app/Contents/Developer/Toolchains/XcodeDefault.xctoolchain/usr/bin/../include/c++/v1/memory:1924:9: note: candidate function template not viable: requires 3 arguments, but 1 was provided
        construct(pointer __p, _A0& __a0, const _A1& __a1)
        ^
/Applications/Xcode.app/Contents/Developer/Toolchains/XcodeDefault.xctoolchain/usr/bin/../include/c++/v1/memory:1931:9: note: candidate function template not viable: requires 3 arguments, but 1 was provided
        construct(pointer __p, const _A0& __a0, const _A1& __a1)
        ^
In file included from ../map_tests/compare class.cpp:2:
In file included from ../map_tests/__service.ipp:3:
In file included from ../map_tests/../../../map.hpp:5:
../map_tests/../../../_tree.hpp:458:10: error: no matching member function for call to 'construct'
      _a.construct(&__tmp->_M_value_field, __x);
      ~~~^~~~~~~~~
../map_tests/../../../_tree.hpp:750:11: note: in instantiation of member function 'ft::_Rb_tree<int, ft::pair<int, int>, ft::_Select1st<ft::pair<int, int> >, std::__1::plus<int>, std::__1::allocator<ft::pair<const int, int> > >::_M_create_node' requested here
    __z = _M_create_node(__v);
          ^
../map_tests/../../../_tree.hpp:810:34: note: in instantiation of member function 'ft::_Rb_tree<int, ft::pair<int, int>, ft::_Select1st<ft::pair<int, int> >, std::__1::plus<int>, std::__1::allocator<ft::pair<const int, int> > >::_M_insert' requested here
      return pair<iterator,bool>(_M_insert(__x, __y, __v), true);
                                 ^
../map_tests/../../../map.hpp:106:19: note: in instantiation of member function 'ft::_Rb_tree<int, ft::pair<int, int>, ft::_Select1st<ft::pair<int, int> >, std::__1::plus<int>, std::__1::allocator<ft::pair<const int, int> > >::insert_unique' requested here
    { return _M_t.insert_unique(__x); }
                  ^
../map_tests/__service.ipp:20:5: note: in instantiation of member function 'ft::map<int, int, std::__1::plus<int>, std::__1::allocator<ft::pair<const int, int> > >::insert' requested here
        mp.insert(_make_pair(16, 3));
           ^
../map_tests/compare class.cpp:74:5: note: in instantiation of function template specialization 'fillMap<int, int, std::__1::plus<int> >' requested here
    fillMap(mp3);
    ^
../map_tests/compare class.cpp:106:72: note: in instantiation of function template specialization 'comparator_test<int, int>' requested here
    exit(run_map_unit_test<int, int>("compare class", comparator_test, comparator_test));
                                                                       ^
/Applications/Xcode.app/Contents/Developer/Toolchains/XcodeDefault.xctoolchain/usr/bin/../include/c++/v1/memory:1895:9: note: candidate function template not viable: no known conversion from 'ft::pair<int, int> *' to 'std::__1::allocator<ft::pair<const int, int> >::pointer' (aka 'ft::pair<const int, int> *') for 1st argument
        construct(pointer __p, _A0& __a0)
        ^
/Applications/Xcode.app/Contents/Developer/Toolchains/XcodeDefault.xctoolchain/usr/bin/../include/c++/v1/memory:1902:9: note: candidate function template not viable: no known conversion from 'ft::pair<int, int> *' to 'std::__1::allocator<ft::pair<const int, int> >::pointer' (aka 'ft::pair<const int, int> *') for 1st argument
        construct(pointer __p, const _A0& __a0)
        ^
/Applications/Xcode.app/Contents/Developer/Toolchains/XcodeDefault.xctoolchain/usr/bin/../include/c++/v1/memory:1910:9: note: candidate function template not viable: requires 3 arguments, but 2 were provided
        construct(pointer __p, _A0& __a0, _A1& __a1)
        ^
/Applications/Xcode.app/Contents/Developer/Toolchains/XcodeDefault.xctoolchain/usr/bin/../include/c++/v1/memory:1917:9: note: candidate function template not viable: requires 3 arguments, but 2 were provided
        construct(pointer __p, const _A0& __a0, _A1& __a1)
        ^
/Applications/Xcode.app/Contents/Developer/Toolchains/XcodeDefault.xctoolchain/usr/bin/../include/c++/v1/memory:1924:9: note: candidate function template not viable: requires 3 arguments, but 2 were provided
        construct(pointer __p, _A0& __a0, const _A1& __a1)
        ^
/Applications/Xcode.app/Contents/Developer/Toolchains/XcodeDefault.xctoolchain/usr/bin/../include/c++/v1/memory:1931:9: note: candidate function template not viable: requires 3 arguments, but 2 were provided
        construct(pointer __p, const _A0& __a0, const _A1& __a1)
        ^
/Applications/Xcode.app/Contents/Developer/Toolchains/XcodeDefault.xctoolchain/usr/bin/../include/c++/v1/memory:1886:9: note: candidate function not viable: requires single argument '__p', but 2 arguments were provided
        construct(pointer __p)
        ^
In file included from ../map_tests/compare class.cpp:2:
In file included from ../map_tests/__service.ipp:3:
In file included from ../map_tests/../../../map.hpp:5:
../map_tests/../../../_tree.hpp:479:10: error: no matching member function for call to 'construct'
      _a.construct(&__p->_M_value_field);
      ~~~^~~~~~~~~
../map_tests/../../../_tree.hpp:970:5: note: in instantiation of member function 'ft::_Rb_tree<int, ft::pair<int, int>, ft::_Select1st<ft::pair<int, int> >, std::__1::minus<int>, std::__1::allocator<ft::pair<const int, int> > >::destroy_node' requested here
    destroy_node(__x);
    ^
../map_tests/../../../_tree.hpp:624:7: note: in instantiation of member function 'ft::_Rb_tree<int, ft::pair<int, int>, ft::_Select1st<ft::pair<int, int> >, std::__1::minus<int>, std::__1::allocator<ft::pair<const int, int> > >::_M_erase' requested here
      _M_erase(_M_root());
      ^
../map_tests/../../../_tree.hpp:567:17: note: in instantiation of member function 'ft::_Rb_tree<int, ft::pair<int, int>, ft::_Select1st<ft::pair<int, int> >, std::__1::minus<int>, std::__1::allocator<ft::pair<const int, int> > >::clear' requested here
  ~_Rb_tree() { clear(); }
                ^
../map_tests/../../../map.hpp:12:7: note: in instantiation of member function 'ft::_Rb_tree<int, ft::pair<int, int>, ft::_Select1st<ft::pair<int, int> >, std::__1::minus<int>, std::__1::allocator<ft::pair<const int, int> > >::~_Rb_tree' requested here
class map
      ^
../map_tests/compare class.cpp:106:72: note: in instantiation of function template specialization 'comparator_test<int, int>' requested here
    exit(run_map_unit_test<int, int>("compare class", comparator_test, comparator_test));
                                                                       ^
/Applications/Xcode.app/Contents/Developer/Toolchains/XcodeDefault.xctoolchain/usr/bin/../include/c++/v1/memory:1886:9: note: candidate function not viable: no known conversion from 'ft::pair<int, int> *' to 'std::__1::allocator<ft::pair<const int, int> >::pointer' (aka 'ft::pair<const int, int> *') for 1st argument
        construct(pointer __p)
        ^
/Applications/Xcode.app/Contents/Developer/Toolchains/XcodeDefault.xctoolchain/usr/bin/../include/c++/v1/memory:1895:9: note: candidate function template not viable: requires 2 arguments, but 1 was provided
        construct(pointer __p, _A0& __a0)
        ^
/Applications/Xcode.app/Contents/Developer/Toolchains/XcodeDefault.xctoolchain/usr/bin/../include/c++/v1/memory:1902:9: note: candidate function template not viable: requires 2 arguments, but 1 was provided
        construct(pointer __p, const _A0& __a0)
        ^
/Applications/Xcode.app/Contents/Developer/Toolchains/XcodeDefault.xctoolchain/usr/bin/../include/c++/v1/memory:1910:9: note: candidate function template not viable: requires 3 arguments, but 1 was provided
        construct(pointer __p, _A0& __a0, _A1& __a1)
        ^
/Applications/Xcode.app/Contents/Developer/Toolchains/XcodeDefault.xctoolchain/usr/bin/../include/c++/v1/memory:1917:9: note: candidate function template not viable: requires 3 arguments, but 1 was provided
        construct(pointer __p, const _A0& __a0, _A1& __a1)
        ^
/Applications/Xcode.app/Contents/Developer/Toolchains/XcodeDefault.xctoolchain/usr/bin/../include/c++/v1/memory:1924:9: note: candidate function template not viable: requires 3 arguments, but 1 was provided
        construct(pointer __p, _A0& __a0, const _A1& __a1)
        ^
/Applications/Xcode.app/Contents/Developer/Toolchains/XcodeDefault.xctoolchain/usr/bin/../include/c++/v1/memory:1931:9: note: candidate function template not viable: requires 3 arguments, but 1 was provided
        construct(pointer __p, const _A0& __a0, const _A1& __a1)
        ^
In file included from ../map_tests/compare class.cpp:2:
In file included from ../map_tests/__service.ipp:3:
In file included from ../map_tests/../../../map.hpp:5:
../map_tests/../../../_tree.hpp:458:10: error: no matching member function for call to 'construct'
      _a.construct(&__tmp->_M_value_field, __x);
      ~~~^~~~~~~~~
../map_tests/../../../_tree.hpp:750:11: note: in instantiation of member function 'ft::_Rb_tree<int, ft::pair<int, int>, ft::_Select1st<ft::pair<int, int> >, std::__1::minus<int>, std::__1::allocator<ft::pair<const int, int> > >::_M_create_node' requested here
    __z = _M_create_node(__v);
          ^
../map_tests/../../../_tree.hpp:810:34: note: in instantiation of member function 'ft::_Rb_tree<int, ft::pair<int, int>, ft::_Select1st<ft::pair<int, int> >, std::__1::minus<int>, std::__1::allocator<ft::pair<const int, int> > >::_M_insert' requested here
      return pair<iterator,bool>(_M_insert(__x, __y, __v), true);
                                 ^
../map_tests/../../../map.hpp:106:19: note: in instantiation of member function 'ft::_Rb_tree<int, ft::pair<int, int>, ft::_Select1st<ft::pair<int, int> >, std::__1::minus<int>, std::__1::allocator<ft::pair<const int, int> > >::insert_unique' requested here
    { return _M_t.insert_unique(__x); }
                  ^
../map_tests/__service.ipp:20:5: note: in instantiation of member function 'ft::map<int, int, std::__1::minus<int>, std::__1::allocator<ft::pair<const int, int> > >::insert' requested here
        mp.insert(_make_pair(16, 3));
           ^
../map_tests/compare class.cpp:78:5: note: in instantiation of function template specialization 'fillMap<int, int, std::__1::minus<int> >' requested here
    fillMap(mp4);
    ^
../map_tests/compare class.cpp:106:72: note: in instantiation of function template specialization 'comparator_test<int, int>' requested here
    exit(run_map_unit_test<int, int>("compare class", comparator_test, comparator_test));
                                                                       ^
/Applications/Xcode.app/Contents/Developer/Toolchains/XcodeDefault.xctoolchain/usr/bin/../include/c++/v1/memory:1895:9: note: candidate function template not viable: no known conversion from 'ft::pair<int, int> *' to 'std::__1::allocator<ft::pair<const int, int> >::pointer' (aka 'ft::pair<const int, int> *') for 1st argument
        construct(pointer __p, _A0& __a0)
        ^
/Applications/Xcode.app/Contents/Developer/Toolchains/XcodeDefault.xctoolchain/usr/bin/../include/c++/v1/memory:1902:9: note: candidate function template not viable: no known conversion from 'ft::pair<int, int> *' to 'std::__1::allocator<ft::pair<const int, int> >::pointer' (aka 'ft::pair<const int, int> *') for 1st argument
        construct(pointer __p, const _A0& __a0)
        ^
/Applications/Xcode.app/Contents/Developer/Toolchains/XcodeDefault.xctoolchain/usr/bin/../include/c++/v1/memory:1910:9: note: candidate function template not viable: requires 3 arguments, but 2 were provided
        construct(pointer __p, _A0& __a0, _A1& __a1)
        ^
/Applications/Xcode.app/Contents/Developer/Toolchains/XcodeDefault.xctoolchain/usr/bin/../include/c++/v1/memory:1917:9: note: candidate function template not viable: requires 3 arguments, but 2 were provided
        construct(pointer __p, const _A0& __a0, _A1& __a1)
        ^
/Applications/Xcode.app/Contents/Developer/Toolchains/XcodeDefault.xctoolchain/usr/bin/../include/c++/v1/memory:1924:9: note: candidate function template not viable: requires 3 arguments, but 2 were provided
        construct(pointer __p, _A0& __a0, const _A1& __a1)
        ^
/Applications/Xcode.app/Contents/Developer/Toolchains/XcodeDefault.xctoolchain/usr/bin/../include/c++/v1/memory:1931:9: note: candidate function template not viable: requires 3 arguments, but 2 were provided
        construct(pointer __p, const _A0& __a0, const _A1& __a1)
        ^
/Applications/Xcode.app/Contents/Developer/Toolchains/XcodeDefault.xctoolchain/usr/bin/../include/c++/v1/memory:1886:9: note: candidate function not viable: requires single argument '__p', but 2 arguments were provided
        construct(pointer __p)
        ^
In file included from ../map_tests/compare class.cpp:2:
In file included from ../map_tests/__service.ipp:3:
In file included from ../map_tests/../../../map.hpp:5:
../map_tests/../../../_tree.hpp:479:10: error: no matching member function for call to 'construct'
      _a.construct(&__p->_M_value_field);
      ~~~^~~~~~~~~
../map_tests/../../../_tree.hpp:970:5: note: in instantiation of member function 'ft::_Rb_tree<int, ft::pair<int, int>, ft::_Select1st<ft::pair<int, int> >, std::__1::greater_equal<int>, std::__1::allocator<ft::pair<const int, int> > >::destroy_node' requested here
    destroy_node(__x);
    ^
../map_tests/../../../_tree.hpp:624:7: note: in instantiation of member function 'ft::_Rb_tree<int, ft::pair<int, int>, ft::_Select1st<ft::pair<int, int> >, std::__1::greater_equal<int>, std::__1::allocator<ft::pair<const int, int> > >::_M_erase' requested here
      _M_erase(_M_root());
      ^
../map_tests/../../../_tree.hpp:567:17: note: in instantiation of member function 'ft::_Rb_tree<int, ft::pair<int, int>, ft::_Select1st<ft::pair<int, int> >, std::__1::greater_equal<int>, std::__1::allocator<ft::pair<const int, int> > >::clear' requested here
  ~_Rb_tree() { clear(); }
                ^
../map_tests/../../../map.hpp:12:7: note: in instantiation of member function 'ft::_Rb_tree<int, ft::pair<int, int>, ft::_Select1st<ft::pair<int, int> >, std::__1::greater_equal<int>, std::__1::allocator<ft::pair<const int, int> > >::~_Rb_tree' requested here
class map
      ^
../map_tests/compare class.cpp:106:72: note: in instantiation of function template specialization 'comparator_test<int, int>' requested here
    exit(run_map_unit_test<int, int>("compare class", comparator_test, comparator_test));
                                                                       ^
/Applications/Xcode.app/Contents/Developer/Toolchains/XcodeDefault.xctoolchain/usr/bin/../include/c++/v1/memory:1886:9: note: candidate function not viable: no known conversion from 'ft::pair<int, int> *' to 'std::__1::allocator<ft::pair<const int, int> >::pointer' (aka 'ft::pair<const int, int> *') for 1st argument
        construct(pointer __p)
        ^
/Applications/Xcode.app/Contents/Developer/Toolchains/XcodeDefault.xctoolchain/usr/bin/../include/c++/v1/memory:1895:9: note: candidate function template not viable: requires 2 arguments, but 1 was provided
        construct(pointer __p, _A0& __a0)
        ^
/Applications/Xcode.app/Contents/Developer/Toolchains/XcodeDefault.xctoolchain/usr/bin/../include/c++/v1/memory:1902:9: note: candidate function template not viable: requires 2 arguments, but 1 was provided
        construct(pointer __p, const _A0& __a0)
        ^
/Applications/Xcode.app/Contents/Developer/Toolchains/XcodeDefault.xctoolchain/usr/bin/../include/c++/v1/memory:1910:9: note: candidate function template not viable: requires 3 arguments, but 1 was provided
        construct(pointer __p, _A0& __a0, _A1& __a1)
        ^
/Applications/Xcode.app/Contents/Developer/Toolchains/XcodeDefault.xctoolchain/usr/bin/../include/c++/v1/memory:1917:9: note: candidate function template not viable: requires 3 arguments, but 1 was provided
        construct(pointer __p, const _A0& __a0, _A1& __a1)
        ^
/Applications/Xcode.app/Contents/Developer/Toolchains/XcodeDefault.xctoolchain/usr/bin/../include/c++/v1/memory:1924:9: note: candidate function template not viable: requires 3 arguments, but 1 was provided
        construct(pointer __p, _A0& __a0, const _A1& __a1)
        ^
/Applications/Xcode.app/Contents/Developer/Toolchains/XcodeDefault.xctoolchain/usr/bin/../include/c++/v1/memory:1931:9: note: candidate function template not viable: requires 3 arguments, but 1 was provided
        construct(pointer __p, const _A0& __a0, const _A1& __a1)
        ^
In file included from ../map_tests/compare class.cpp:2:
In file included from ../map_tests/__service.ipp:3:
In file included from ../map_tests/../../../map.hpp:5:
../map_tests/../../../_tree.hpp:458:10: error: no matching member function for call to 'construct'
      _a.construct(&__tmp->_M_value_field, __x);
      ~~~^~~~~~~~~
../map_tests/../../../_tree.hpp:750:11: note: in instantiation of member function 'ft::_Rb_tree<int, ft::pair<int, int>, ft::_Select1st<ft::pair<int, int> >, std::__1::greater_equal<int>, std::__1::allocator<ft::pair<const int, int> > >::_M_create_node' requested here
    __z = _M_create_node(__v);
          ^
../map_tests/../../../_tree.hpp:810:34: note: in instantiation of member function 'ft::_Rb_tree<int, ft::pair<int, int>, ft::_Select1st<ft::pair<int, int> >, std::__1::greater_equal<int>, std::__1::allocator<ft::pair<const int, int> > >::_M_insert' requested here
      return pair<iterator,bool>(_M_insert(__x, __y, __v), true);
                                 ^
../map_tests/../../../map.hpp:106:19: note: in instantiation of member function 'ft::_Rb_tree<int, ft::pair<int, int>, ft::_Select1st<ft::pair<int, int> >, std::__1::greater_equal<int>, std::__1::allocator<ft::pair<const int, int> > >::insert_unique' requested here
    { return _M_t.insert_unique(__x); }
                  ^
../map_tests/__service.ipp:20:5: note: in instantiation of member function 'ft::map<int, int, std::__1::greater_equal<int>, std::__1::allocator<ft::pair<const int, int> > >::insert' requested here
        mp.insert(_make_pair(16, 3));
           ^
../map_tests/compare class.cpp:82:5: note: in instantiation of function template specialization 'fillMap<int, int, std::__1::greater_equal<int> >' requested here
    fillMap(mp5);
    ^
../map_tests/compare class.cpp:106:72: note: in instantiation of function template specialization 'comparator_test<int, int>' requested here
    exit(run_map_unit_test<int, int>("compare class", comparator_test, comparator_test));
                                                                       ^
/Applications/Xcode.app/Contents/Developer/Toolchains/XcodeDefault.xctoolchain/usr/bin/../include/c++/v1/memory:1895:9: note: candidate function template not viable: no known conversion from 'ft::pair<int, int> *' to 'std::__1::allocator<ft::pair<const int, int> >::pointer' (aka 'ft::pair<const int, int> *') for 1st argument
        construct(pointer __p, _A0& __a0)
        ^
/Applications/Xcode.app/Contents/Developer/Toolchains/XcodeDefault.xctoolchain/usr/bin/../include/c++/v1/memory:1902:9: note: candidate function template not viable: no known conversion from 'ft::pair<int, int> *' to 'std::__1::allocator<ft::pair<const int, int> >::pointer' (aka 'ft::pair<const int, int> *') for 1st argument
        construct(pointer __p, const _A0& __a0)
        ^
/Applications/Xcode.app/Contents/Developer/Toolchains/XcodeDefault.xctoolchain/usr/bin/../include/c++/v1/memory:1910:9: note: candidate function template not viable: requires 3 arguments, but 2 were provided
        construct(pointer __p, _A0& __a0, _A1& __a1)
        ^
/Applications/Xcode.app/Contents/Developer/Toolchains/XcodeDefault.xctoolchain/usr/bin/../include/c++/v1/memory:1917:9: note: candidate function template not viable: requires 3 arguments, but 2 were provided
        construct(pointer __p, const _A0& __a0, _A1& __a1)
        ^
/Applications/Xcode.app/Contents/Developer/Toolchains/XcodeDefault.xctoolchain/usr/bin/../include/c++/v1/memory:1924:9: note: candidate function template not viable: requires 3 arguments, but 2 were provided
        construct(pointer __p, _A0& __a0, const _A1& __a1)
        ^
/Applications/Xcode.app/Contents/Developer/Toolchains/XcodeDefault.xctoolchain/usr/bin/../include/c++/v1/memory:1931:9: note: candidate function template not viable: requires 3 arguments, but 2 were provided
        construct(pointer __p, const _A0& __a0, const _A1& __a1)
        ^
/Applications/Xcode.app/Contents/Developer/Toolchains/XcodeDefault.xctoolchain/usr/bin/../include/c++/v1/memory:1886:9: note: candidate function not viable: requires single argument '__p', but 2 arguments were provided
        construct(pointer __p)
        ^
In file included from ../map_tests/compare class.cpp:2:
In file included from ../map_tests/__service.ipp:3:
In file included from ../map_tests/../../../map.hpp:5:
../map_tests/../../../_tree.hpp:479:10: error: no matching member function for call to 'construct'
      _a.construct(&__p->_M_value_field);
      ~~~^~~~~~~~~
../map_tests/../../../_tree.hpp:970:5: note: in instantiation of member function 'ft::_Rb_tree<int, ft::pair<int, int>, ft::_Select1st<ft::pair<int, int> >, std::__1::multiplies<int>, std::__1::allocator<ft::pair<const int, int> > >::destroy_node' requested here
    destroy_node(__x);
    ^
../map_tests/../../../_tree.hpp:624:7: note: in instantiation of member function 'ft::_Rb_tree<int, ft::pair<int, int>, ft::_Select1st<ft::pair<int, int> >, std::__1::multiplies<int>, std::__1::allocator<ft::pair<const int, int> > >::_M_erase' requested here
      _M_erase(_M_root());
      ^
../map_tests/../../../_tree.hpp:567:17: note: in instantiation of member function 'ft::_Rb_tree<int, ft::pair<int, int>, ft::_Select1st<ft::pair<int, int> >, std::__1::multiplies<int>, std::__1::allocator<ft::pair<const int, int> > >::clear' requested here
  ~_Rb_tree() { clear(); }
                ^
../map_tests/../../../map.hpp:12:7: note: in instantiation of member function 'ft::_Rb_tree<int, ft::pair<int, int>, ft::_Select1st<ft::pair<int, int> >, std::__1::multiplies<int>, std::__1::allocator<ft::pair<const int, int> > >::~_Rb_tree' requested here
class map
      ^
../map_tests/compare class.cpp:106:72: note: in instantiation of function template specialization 'comparator_test<int, int>' requested here
    exit(run_map_unit_test<int, int>("compare class", comparator_test, comparator_test));
                                                                       ^
/Applications/Xcode.app/Contents/Developer/Toolchains/XcodeDefault.xctoolchain/usr/bin/../include/c++/v1/memory:1886:9: note: candidate function not viable: no known conversion from 'ft::pair<int, int> *' to 'std::__1::allocator<ft::pair<const int, int> >::pointer' (aka 'ft::pair<const int, int> *') for 1st argument
        construct(pointer __p)
        ^
/Applications/Xcode.app/Contents/Developer/Toolchains/XcodeDefault.xctoolchain/usr/bin/../include/c++/v1/memory:1895:9: note: candidate function template not viable: requires 2 arguments, but 1 was provided
        construct(pointer __p, _A0& __a0)
        ^
/Applications/Xcode.app/Contents/Developer/Toolchains/XcodeDefault.xctoolchain/usr/bin/../include/c++/v1/memory:1902:9: note: candidate function template not viable: requires 2 arguments, but 1 was provided
        construct(pointer __p, const _A0& __a0)
        ^
/Applications/Xcode.app/Contents/Developer/Toolchains/XcodeDefault.xctoolchain/usr/bin/../include/c++/v1/memory:1910:9: note: candidate function template not viable: requires 3 arguments, but 1 was provided
        construct(pointer __p, _A0& __a0, _A1& __a1)
        ^
/Applications/Xcode.app/Contents/Developer/Toolchains/XcodeDefault.xctoolchain/usr/bin/../include/c++/v1/memory:1917:9: note: candidate function template not viable: requires 3 arguments, but 1 was provided
        construct(pointer __p, const _A0& __a0, _A1& __a1)
        ^
/Applications/Xcode.app/Contents/Developer/Toolchains/XcodeDefault.xctoolchain/usr/bin/../include/c++/v1/memory:1924:9: note: candidate function template not viable: requires 3 arguments, but 1 was provided
        construct(pointer __p, _A0& __a0, const _A1& __a1)
        ^
/Applications/Xcode.app/Contents/Developer/Toolchains/XcodeDefault.xctoolchain/usr/bin/../include/c++/v1/memory:1931:9: note: candidate function template not viable: requires 3 arguments, but 1 was provided
        construct(pointer __p, const _A0& __a0, const _A1& __a1)
        ^
In file included from ../map_tests/compare class.cpp:2:
In file included from ../map_tests/__service.ipp:3:
In file included from ../map_tests/../../../map.hpp:5:
../map_tests/../../../_tree.hpp:458:10: error: no matching member function for call to 'construct'
      _a.construct(&__tmp->_M_value_field, __x);
      ~~~^~~~~~~~~
../map_tests/../../../_tree.hpp:750:11: note: in instantiation of member function 'ft::_Rb_tree<int, ft::pair<int, int>, ft::_Select1st<ft::pair<int, int> >, std::__1::multiplies<int>, std::__1::allocator<ft::pair<const int, int> > >::_M_create_node' requested here
    __z = _M_create_node(__v);
          ^
../map_tests/../../../_tree.hpp:810:34: note: in instantiation of member function 'ft::_Rb_tree<int, ft::pair<int, int>, ft::_Select1st<ft::pair<int, int> >, std::__1::multiplies<int>, std::__1::allocator<ft::pair<const int, int> > >::_M_insert' requested here
      return pair<iterator,bool>(_M_insert(__x, __y, __v), true);
                                 ^
../map_tests/../../../map.hpp:106:19: note: in instantiation of member function 'ft::_Rb_tree<int, ft::pair<int, int>, ft::_Select1st<ft::pair<int, int> >, std::__1::multiplies<int>, std::__1::allocator<ft::pair<const int, int> > >::insert_unique' requested here
    { return _M_t.insert_unique(__x); }
                  ^
../map_tests/__service.ipp:20:5: note: in instantiation of member function 'ft::map<int, int, std::__1::multiplies<int>, std::__1::allocator<ft::pair<const int, int> > >::insert' requested here
        mp.insert(_make_pair(16, 3));
           ^
../map_tests/compare class.cpp:86:5: note: in instantiation of function template specialization 'fillMap<int, int, std::__1::multiplies<int> >' requested here
    fillMap(mp6);
    ^
../map_tests/compare class.cpp:106:72: note: in instantiation of function template specialization 'comparator_test<int, int>' requested here
    exit(run_map_unit_test<int, int>("compare class", comparator_test, comparator_test));
                                                                       ^
/Applications/Xcode.app/Contents/Developer/Toolchains/XcodeDefault.xctoolchain/usr/bin/../include/c++/v1/memory:1895:9: note: candidate function template not viable: no known conversion from 'ft::pair<int, int> *' to 'std::__1::allocator<ft::pair<const int, int> >::pointer' (aka 'ft::pair<const int, int> *') for 1st argument
        construct(pointer __p, _A0& __a0)
        ^
/Applications/Xcode.app/Contents/Developer/Toolchains/XcodeDefault.xctoolchain/usr/bin/../include/c++/v1/memory:1902:9: note: candidate function template not viable: no known conversion from 'ft::pair<int, int> *' to 'std::__1::allocator<ft::pair<const int, int> >::pointer' (aka 'ft::pair<const int, int> *') for 1st argument
        construct(pointer __p, const _A0& __a0)
        ^
/Applications/Xcode.app/Contents/Developer/Toolchains/XcodeDefault.xctoolchain/usr/bin/../include/c++/v1/memory:1910:9: note: candidate function template not viable: requires 3 arguments, but 2 were provided
        construct(pointer __p, _A0& __a0, _A1& __a1)
        ^
/Applications/Xcode.app/Contents/Developer/Toolchains/XcodeDefault.xctoolchain/usr/bin/../include/c++/v1/memory:1917:9: note: candidate function template not viable: requires 3 arguments, but 2 were provided
        construct(pointer __p, const _A0& __a0, _A1& __a1)
        ^
/Applications/Xcode.app/Contents/Developer/Toolchains/XcodeDefault.xctoolchain/usr/bin/../include/c++/v1/memory:1924:9: note: candidate function template not viable: requires 3 arguments, but 2 were provided
        construct(pointer __p, _A0& __a0, const _A1& __a1)
        ^
/Applications/Xcode.app/Contents/Developer/Toolchains/XcodeDefault.xctoolchain/usr/bin/../include/c++/v1/memory:1931:9: note: candidate function template not viable: requires 3 arguments, but 2 were provided
        construct(pointer __p, const _A0& __a0, const _A1& __a1)
        ^
/Applications/Xcode.app/Contents/Developer/Toolchains/XcodeDefault.xctoolchain/usr/bin/../include/c++/v1/memory:1886:9: note: candidate function not viable: requires single argument '__p', but 2 arguments were provided
        construct(pointer __p)
        ^
In file included from ../map_tests/compare class.cpp:2:
In file included from ../map_tests/__service.ipp:3:
In file included from ../map_tests/../../../map.hpp:5:
../map_tests/../../../_tree.hpp:479:10: error: no matching member function for call to 'construct'
      _a.construct(&__p->_M_value_field);
      ~~~^~~~~~~~~
../map_tests/../../../_tree.hpp:970:5: note: in instantiation of member function 'ft::_Rb_tree<int, ft::pair<int, int>, ft::_Select1st<ft::pair<int, int> >, std::__1::bit_xor<int>, std::__1::allocator<ft::pair<const int, int> > >::destroy_node' requested here
    destroy_node(__x);
    ^
../map_tests/../../../_tree.hpp:624:7: note: in instantiation of member function 'ft::_Rb_tree<int, ft::pair<int, int>, ft::_Select1st<ft::pair<int, int> >, std::__1::bit_xor<int>, std::__1::allocator<ft::pair<const int, int> > >::_M_erase' requested here
      _M_erase(_M_root());
      ^
../map_tests/../../../_tree.hpp:567:17: note: in instantiation of member function 'ft::_Rb_tree<int, ft::pair<int, int>, ft::_Select1st<ft::pair<int, int> >, std::__1::bit_xor<int>, std::__1::allocator<ft::pair<const int, int> > >::clear' requested here
  ~_Rb_tree() { clear(); }
                ^
../map_tests/../../../map.hpp:12:7: note: in instantiation of member function 'ft::_Rb_tree<int, ft::pair<int, int>, ft::_Select1st<ft::pair<int, int> >, std::__1::bit_xor<int>, std::__1::allocator<ft::pair<const int, int> > >::~_Rb_tree' requested here
class map
      ^
../map_tests/compare class.cpp:106:72: note: in instantiation of function template specialization 'comparator_test<int, int>' requested here
    exit(run_map_unit_test<int, int>("compare class", comparator_test, comparator_test));
                                                                       ^
/Applications/Xcode.app/Contents/Developer/Toolchains/XcodeDefault.xctoolchain/usr/bin/../include/c++/v1/memory:1886:9: note: candidate function not viable: no known conversion from 'ft::pair<int, int> *' to 'std::__1::allocator<ft::pair<const int, int> >::pointer' (aka 'ft::pair<const int, int> *') for 1st argument
        construct(pointer __p)
        ^
/Applications/Xcode.app/Contents/Developer/Toolchains/XcodeDefault.xctoolchain/usr/bin/../include/c++/v1/memory:1895:9: note: candidate function template not viable: requires 2 arguments, but 1 was provided
        construct(pointer __p, _A0& __a0)
        ^
/Applications/Xcode.app/Contents/Developer/Toolchains/XcodeDefault.xctoolchain/usr/bin/../include/c++/v1/memory:1902:9: note: candidate function template not viable: requires 2 arguments, but 1 was provided
        construct(pointer __p, const _A0& __a0)
        ^
/Applications/Xcode.app/Contents/Developer/Toolchains/XcodeDefault.xctoolchain/usr/bin/../include/c++/v1/memory:1910:9: note: candidate function template not viable: requires 3 arguments, but 1 was provided
        construct(pointer __p, _A0& __a0, _A1& __a1)
        ^
/Applications/Xcode.app/Contents/Developer/Toolchains/XcodeDefault.xctoolchain/usr/bin/../include/c++/v1/memory:1917:9: note: candidate function template not viable: requires 3 arguments, but 1 was provided
        construct(pointer __p, const _A0& __a0, _A1& __a1)
        ^
/Applications/Xcode.app/Contents/Developer/Toolchains/XcodeDefault.xctoolchain/usr/bin/../include/c++/v1/memory:1924:9: note: candidate function template not viable: requires 3 arguments, but 1 was provided
        construct(pointer __p, _A0& __a0, const _A1& __a1)
        ^
/Applications/Xcode.app/Contents/Developer/Toolchains/XcodeDefault.xctoolchain/usr/bin/../include/c++/v1/memory:1931:9: note: candidate function template not viable: requires 3 arguments, but 1 was provided
        construct(pointer __p, const _A0& __a0, const _A1& __a1)
        ^
In file included from ../map_tests/compare class.cpp:2:
In file included from ../map_tests/__service.ipp:3:
In file included from ../map_tests/../../../map.hpp:5:
../map_tests/../../../_tree.hpp:458:10: error: no matching member function for call to 'construct'
      _a.construct(&__tmp->_M_value_field, __x);
      ~~~^~~~~~~~~
../map_tests/../../../_tree.hpp:750:11: note: in instantiation of member function 'ft::_Rb_tree<int, ft::pair<int, int>, ft::_Select1st<ft::pair<int, int> >, std::__1::bit_xor<int>, std::__1::allocator<ft::pair<const int, int> > >::_M_create_node' requested here
    __z = _M_create_node(__v);
          ^
../map_tests/../../../_tree.hpp:810:34: note: in instantiation of member function 'ft::_Rb_tree<int, ft::pair<int, int>, ft::_Select1st<ft::pair<int, int> >, std::__1::bit_xor<int>, std::__1::allocator<ft::pair<const int, int> > >::_M_insert' requested here
      return pair<iterator,bool>(_M_insert(__x, __y, __v), true);
                                 ^
../map_tests/../../../map.hpp:106:19: note: in instantiation of member function 'ft::_Rb_tree<int, ft::pair<int, int>, ft::_Select1st<ft::pair<int, int> >, std::__1::bit_xor<int>, std::__1::allocator<ft::pair<const int, int> > >::insert_unique' requested here
    { return _M_t.insert_unique(__x); }
                  ^
../map_tests/__service.ipp:20:5: note: in instantiation of member function 'ft::map<int, int, std::__1::bit_xor<int>, std::__1::allocator<ft::pair<const int, int> > >::insert' requested here
        mp.insert(_make_pair(16, 3));
           ^
../map_tests/compare class.cpp:90:5: note: in instantiation of function template specialization 'fillMap<int, int, std::__1::bit_xor<int> >' requested here
    fillMap(mp7);
    ^
../map_tests/compare class.cpp:106:72: note: in instantiation of function template specialization 'comparator_test<int, int>' requested here
    exit(run_map_unit_test<int, int>("compare class", comparator_test, comparator_test));
                                                                       ^
/Applications/Xcode.app/Contents/Developer/Toolchains/XcodeDefault.xctoolchain/usr/bin/../include/c++/v1/memory:1895:9: note: candidate function template not viable: no known conversion from 'ft::pair<int, int> *' to 'std::__1::allocator<ft::pair<const int, int> >::pointer' (aka 'ft::pair<const int, int> *') for 1st argument
        construct(pointer __p, _A0& __a0)
        ^
/Applications/Xcode.app/Contents/Developer/Toolchains/XcodeDefault.xctoolchain/usr/bin/../include/c++/v1/memory:1902:9: note: candidate function template not viable: no known conversion from 'ft::pair<int, int> *' to 'std::__1::allocator<ft::pair<const int, int> >::pointer' (aka 'ft::pair<const int, int> *') for 1st argument
        construct(pointer __p, const _A0& __a0)
        ^
/Applications/Xcode.app/Contents/Developer/Toolchains/XcodeDefault.xctoolchain/usr/bin/../include/c++/v1/memory:1910:9: note: candidate function template not viable: requires 3 arguments, but 2 were provided
        construct(pointer __p, _A0& __a0, _A1& __a1)
        ^
/Applications/Xcode.app/Contents/Developer/Toolchains/XcodeDefault.xctoolchain/usr/bin/../include/c++/v1/memory:1917:9: note: candidate function template not viable: requires 3 arguments, but 2 were provided
        construct(pointer __p, const _A0& __a0, _A1& __a1)
        ^
/Applications/Xcode.app/Contents/Developer/Toolchains/XcodeDefault.xctoolchain/usr/bin/../include/c++/v1/memory:1924:9: note: candidate function template not viable: requires 3 arguments, but 2 were provided
        construct(pointer __p, _A0& __a0, const _A1& __a1)
        ^
/Applications/Xcode.app/Contents/Developer/Toolchains/XcodeDefault.xctoolchain/usr/bin/../include/c++/v1/memory:1931:9: note: candidate function template not viable: requires 3 arguments, but 2 were provided
        construct(pointer __p, const _A0& __a0, const _A1& __a1)
        ^
/Applications/Xcode.app/Contents/Developer/Toolchains/XcodeDefault.xctoolchain/usr/bin/../include/c++/v1/memory:1886:9: note: candidate function not viable: requires single argument '__p', but 2 arguments were provided
        construct(pointer __p)
        ^
16 errors generated.
